0 info it worked if it ends with ok
1 verbose cli [ 'C:\\Program Files\\iojs\\\\node.exe',
1 verbose cli   'C:\\Program Files\\iojs\\node_modules\\npm\\bin\\npm-cli.js',
1 verbose cli   'i',
1 verbose cli   'bignum' ]
2 info using npm@2.5.1
3 info using node@v1.3.0
4 verbose node symlink C:\Program Files\iojs\\node.exe
5 warn package.json luigi@1.0.0 No repository field.
6 silly cache add args [ 'bignum', null ]
7 verbose cache add spec bignum
8 silly cache add parsed spec { raw: 'bignum',
8 silly cache add   scope: null,
8 silly cache add   name: 'bignum',
8 silly cache add   rawSpec: '',
8 silly cache add   spec: '*',
8 silly cache add   type: 'range' }
9 verbose addNamed bignum@*
10 silly addNamed semver.valid null
11 silly addNamed semver.validRange *
12 silly addNameRange { name: 'bignum', range: '*', hasData: false }
13 silly mapToRegistry name bignum
14 silly mapToRegistry using default registry
15 silly mapToRegistry registry https://registry.npmjs.org/
16 silly mapToRegistry uri https://registry.npmjs.org/bignum
17 verbose addNameRange registry:https://registry.npmjs.org/bignum not in flight; fetching
18 verbose request uri https://registry.npmjs.org/bignum
19 verbose request no auth needed
20 info attempt registry request try #1 at 00:30:28
21 verbose request id 8f1c32503f202b34
22 verbose etag "944LRE275V0F2X6T270CPN0PA"
23 http request GET https://registry.npmjs.org/bignum
24 http 304 https://registry.npmjs.org/bignum
25 silly get cb [ 304,
25 silly get   { date: 'Sat, 07 Mar 2015 23:30:04 GMT',
25 silly get     server: 'Apache',
25 silly get     via: '1.1 varnish',
25 silly get     'last-modified': 'Sat, 07 Mar 2015 23:30:04 GMT',
25 silly get     'cache-control': 'max-age=60',
25 silly get     etag: '"944LRE275V0F2X6T270CPN0PA"',
25 silly get     age: '0',
25 silly get     'x-served-by': 'cache-fra1224-FRA',
25 silly get     'x-cache': 'HIT',
25 silly get     'x-cache-hits': '1',
25 silly get     'x-timer': 'S1425771004.114559,VS0,VE414',
25 silly get     vary: 'Accept',
25 silly get     'content-length': '0',
25 silly get     'keep-alive': 'timeout=10, max=50',
25 silly get     connection: 'Keep-Alive' } ]
26 verbose etag https://registry.npmjs.org/bignum from cache
27 verbose get saving bignum to C:\Users\Sandro\AppData\Roaming\npm-cache\registry.npmjs.org\bignum\.cache.json
28 silly addNameRange number 2 { name: 'bignum', range: '*', hasData: true }
29 silly addNameRange versions [ 'bignum',
29 silly addNameRange   [ '0.4.0',
29 silly addNameRange     '0.4.1',
29 silly addNameRange     '0.5.0',
29 silly addNameRange     '0.5.1',
29 silly addNameRange     '0.5.2',
29 silly addNameRange     '0.5.3',
29 silly addNameRange     '0.5.4',
29 silly addNameRange     '0.6.0',
29 silly addNameRange     '0.6.1',
29 silly addNameRange     '0.6.2',
29 silly addNameRange     '0.7.0',
29 silly addNameRange     '0.8.0',
29 silly addNameRange     '0.9.0',
29 silly addNameRange     '0.9.1',
29 silly addNameRange     '0.9.2' ] ]
30 verbose addNamed bignum@0.9.2
31 silly addNamed semver.valid 0.9.2
32 silly addNamed semver.validRange 0.9.2
33 silly cache afterAdd bignum@0.9.2
34 verbose afterAdd C:\Users\Sandro\AppData\Roaming\npm-cache\bignum\0.9.2\package\package.json not in flight; writing
35 verbose afterAdd C:\Users\Sandro\AppData\Roaming\npm-cache\bignum\0.9.2\package\package.json written
36 silly install resolved [ { name: 'bignum',
36 silly install resolved     version: '0.9.2',
36 silly install resolved     description: 'Arbitrary-precision integer arithmetic using OpenSSL',
36 silly install resolved     main: './index.js',
36 silly install resolved     repository:
36 silly install resolved      { type: 'git',
36 silly install resolved        url: 'http://github.com/justmoon/node-bignum.git' },
36 silly install resolved     keywords:
36 silly install resolved      [ 'openssl',
36 silly install resolved        'big',
36 silly install resolved        'bignum',
36 silly install resolved        'bigint',
36 silly install resolved        'integer',
36 silly install resolved        'arithmetic',
36 silly install resolved        'precision' ],
36 silly install resolved     author:
36 silly install resolved      { name: 'Stefan Thomas',
36 silly install resolved        email: 'justmoon@members.fsf.org',
36 silly install resolved        url: 'http://www.justmoon.net' },
36 silly install resolved     dependencies: { nan: '~1.6.2' },
36 silly install resolved     devDependencies: { expresso: '>=0.6.0', binary: '>=0.1.7', put: '>=0.0.5' },
36 silly install resolved     license: 'MIT/X11',
36 silly install resolved     engine: { node: '>=0.8.0' },
36 silly install resolved     scripts: { install: 'node-gyp configure build', test: 'expresso' },
36 silly install resolved     contributors: [ [Object] ],
36 silly install resolved     gitHead: '323be150c8673695c000acf6b241b92aa2a5d446',
36 silly install resolved     bugs: { url: 'https://github.com/justmoon/node-bignum/issues' },
36 silly install resolved     homepage: 'https://github.com/justmoon/node-bignum',
36 silly install resolved     _id: 'bignum@0.9.2',
36 silly install resolved     _shasum: '8c04ec32b93c1a57e4c975fa6f5b961d3cd535fa',
36 silly install resolved     _from: 'bignum@*',
36 silly install resolved     _npmVersion: '2.5.1',
36 silly install resolved     _nodeVersion: '0.12.0',
36 silly install resolved     _npmUser: { name: 'rvagg', email: 'rod@vagg.org' },
36 silly install resolved     maintainers: [ [Object], [Object], [Object] ],
36 silly install resolved     dist:
36 silly install resolved      { shasum: '8c04ec32b93c1a57e4c975fa6f5b961d3cd535fa',
36 silly install resolved        tarball: 'http://registry.npmjs.org/bignum/-/bignum-0.9.2.tgz' },
36 silly install resolved     directories: {},
36 silly install resolved     _resolved: 'https://registry.npmjs.org/bignum/-/bignum-0.9.2.tgz',
36 silly install resolved     readme: 'ERROR: No README data found!' } ]
37 info install bignum@0.9.2 into C:\Users\Sandro\src\luigi
38 info installOne bignum@0.9.2
39 verbose installOne of bignum to C:\Users\Sandro\src\luigi not in flight; installing
40 verbose lock using C:\Users\Sandro\AppData\Roaming\npm-cache\_locks\bignum-4d133cd107836159.lock for C:\Users\Sandro\src\luigi\node_modules\bignum
41 silly install write writing bignum 0.9.2 to C:\Users\Sandro\src\luigi\node_modules\bignum
42 silly cache addNamed cb bignum@0.9.2
43 verbose unbuild node_modules\bignum
44 verbose gentlyRm vacuuming C:\Users\Sandro\src\luigi\node_modules\bignum
45 verbose tar unpack C:\Users\Sandro\AppData\Roaming\npm-cache\bignum\0.9.2\package.tgz
46 verbose tar unpacking to C:\Users\Sandro\src\luigi\node_modules\bignum
47 verbose gentlyRm vacuuming C:\Users\Sandro\src\luigi\node_modules\bignum
48 silly gunzTarPerm modes [ '777', '666' ]
49 silly gunzTarPerm extractEntry package.json
50 silly gunzTarPerm modified mode [ 'package.json', 436, 438 ]
51 silly gunzTarPerm extractEntry .npmignore
52 silly gunzTarPerm modified mode [ '.npmignore', 420, 438 ]
53 silly gunzTarPerm extractEntry index.js
54 silly gunzTarPerm modified mode [ 'index.js', 420, 438 ]
55 silly gunzTarPerm extractEntry binding.gyp
56 silly gunzTarPerm modified mode [ 'binding.gyp', 420, 438 ]
57 silly gunzTarPerm extractEntry README.markdown
58 silly gunzTarPerm modified mode [ 'README.markdown', 420, 438 ]
59 silly gunzTarPerm extractEntry bignum.cc
60 silly gunzTarPerm modified mode [ 'bignum.cc', 420, 438 ]
61 silly gunzTarPerm extractEntry examples/gen.js
62 silly gunzTarPerm modified mode [ 'examples/gen.js', 420, 438 ]
63 silly gunzTarPerm extractEntry examples/perfect.js
64 silly gunzTarPerm modified mode [ 'examples/perfect.js', 420, 438 ]
65 silly gunzTarPerm extractEntry examples/simple.js
66 silly gunzTarPerm modified mode [ 'examples/simple.js', 420, 438 ]
67 silly gunzTarPerm extractEntry .dntrc
68 silly gunzTarPerm modified mode [ '.dntrc', 420, 438 ]
69 silly gunzTarPerm extractEntry .travis.yml
70 silly gunzTarPerm modified mode [ '.travis.yml', 420, 438 ]
71 silly gunzTarPerm extractEntry test/big.js
72 silly gunzTarPerm modified mode [ 'test/big.js', 420, 438 ]
73 silly gunzTarPerm extractEntry test/buf.js
74 silly gunzTarPerm modified mode [ 'test/buf.js', 420, 438 ]
75 silly gunzTarPerm extractEntry test/seed.js
76 silly gunzTarPerm modified mode [ 'test/seed.js', 420, 438 ]
77 silly gunzTarPerm extractEntry test/wincrash.js
78 silly gunzTarPerm modified mode [ 'test/wincrash.js', 420, 438 ]
79 info preinstall bignum@0.9.2
80 silly prepareForInstallMany adding nan@~1.6.2 from bignum dependencies
81 silly cache add args [ 'nan@~1.6.2', null ]
82 verbose cache add spec nan@~1.6.2
83 silly cache add parsed spec { raw: 'nan@~1.6.2',
83 silly cache add   scope: null,
83 silly cache add   name: 'nan',
83 silly cache add   rawSpec: '~1.6.2',
83 silly cache add   spec: '>=1.6.2 <1.7.0',
83 silly cache add   type: 'range' }
84 verbose addNamed nan@>=1.6.2 <1.7.0
85 silly addNamed semver.valid null
86 silly addNamed semver.validRange >=1.6.2 <1.7.0
87 silly addNameRange { name: 'nan', range: '>=1.6.2 <1.7.0', hasData: false }
88 silly mapToRegistry name nan
89 silly mapToRegistry using default registry
90 silly mapToRegistry registry https://registry.npmjs.org/
91 silly mapToRegistry uri https://registry.npmjs.org/nan
92 verbose addNameRange registry:https://registry.npmjs.org/nan not in flight; fetching
93 verbose request uri https://registry.npmjs.org/nan
94 verbose request no auth needed
95 info attempt registry request try #1 at 00:30:30
96 verbose etag "12EHA1PNRCCAOAQY0AIBQ9ET9"
97 http request GET https://registry.npmjs.org/nan
98 http 304 https://registry.npmjs.org/nan
99 silly get cb [ 304,
99 silly get   { date: 'Sat, 07 Mar 2015 23:30:04 GMT',
99 silly get     server: 'Apache',
99 silly get     via: '1.1 varnish',
99 silly get     'last-modified': 'Sat, 07 Mar 2015 23:30:04 GMT',
99 silly get     'cache-control': 'max-age=60',
99 silly get     etag: '"12EHA1PNRCCAOAQY0AIBQ9ET9"',
99 silly get     age: '52',
99 silly get     'x-served-by': 'cache-fra1232-FRA',
99 silly get     'x-cache': 'HIT',
99 silly get     'x-cache-hits': '1',
99 silly get     'x-timer': 'S1425771004.962146,VS0,VE0',
99 silly get     vary: 'Accept',
99 silly get     'content-length': '0',
99 silly get     'keep-alive': 'timeout=10, max=50',
99 silly get     connection: 'Keep-Alive' } ]
100 verbose etag https://registry.npmjs.org/nan from cache
101 verbose get saving nan to C:\Users\Sandro\AppData\Roaming\npm-cache\registry.npmjs.org\nan\.cache.json
102 silly addNameRange number 2 { name: 'nan', range: '>=1.6.2 <1.7.0', hasData: true }
103 silly addNameRange versions [ 'nan',
103 silly addNameRange   [ '0.3.0-wip',
103 silly addNameRange     '0.3.0-wip2',
103 silly addNameRange     '0.3.0',
103 silly addNameRange     '0.3.1',
103 silly addNameRange     '0.3.2',
103 silly addNameRange     '0.4.0',
103 silly addNameRange     '0.4.1',
103 silly addNameRange     '0.4.2',
103 silly addNameRange     '0.4.3',
103 silly addNameRange     '0.4.4',
103 silly addNameRange     '0.5.0',
103 silly addNameRange     '0.5.1',
103 silly addNameRange     '0.5.2',
103 silly addNameRange     '0.6.0',
103 silly addNameRange     '0.7.0',
103 silly addNameRange     '0.7.1',
103 silly addNameRange     '0.8.0',
103 silly addNameRange     '1.0.0',
103 silly addNameRange     '1.1.0',
103 silly addNameRange     '1.1.1',
103 silly addNameRange     '1.1.2',
103 silly addNameRange     '1.2.0',
103 silly addNameRange     '1.3.0',
103 silly addNameRange     '1.4.0',
103 silly addNameRange     '1.4.1',
103 silly addNameRange     '1.5.0',
103 silly addNameRange     '1.4.2',
103 silly addNameRange     '1.4.3',
103 silly addNameRange     '1.5.1',
103 silly addNameRange     '1.5.2',
103 silly addNameRange     '1.6.0',
103 silly addNameRange     '1.5.3',
103 silly addNameRange     '1.6.1',
103 silly addNameRange     '1.6.2',
103 silly addNameRange     '1.7.0' ] ]
104 verbose addNamed nan@1.6.2
105 silly addNamed semver.valid 1.6.2
106 silly addNamed semver.validRange 1.6.2
107 silly cache afterAdd nan@1.6.2
108 verbose afterAdd C:\Users\Sandro\AppData\Roaming\npm-cache\nan\1.6.2\package\package.json not in flight; writing
109 verbose afterAdd C:\Users\Sandro\AppData\Roaming\npm-cache\nan\1.6.2\package\package.json written
110 silly install resolved [ { name: 'nan',
110 silly install resolved     version: '1.6.2',
110 silly install resolved     description: 'Native Abstractions for Node.js: C++ header for Node 0.8->0.12 compatibility',
110 silly install resolved     main: 'include_dirs.js',
110 silly install resolved     repository: { type: 'git', url: 'git://github.com/rvagg/nan.git' },
110 silly install resolved     scripts:
110 silly install resolved      { test: 'tap --gc test/js/*-test.js',
110 silly install resolved        'rebuild-tests': 'pangyp rebuild --directory test' },
110 silly install resolved     contributors:
110 silly install resolved      [ [Object],
110 silly install resolved        [Object],
110 silly install resolved        [Object],
110 silly install resolved        [Object],
110 silly install resolved        [Object],
110 silly install resolved        [Object],
110 silly install resolved        [Object] ],
110 silly install resolved     devDependencies:
110 silly install resolved      { bindings: '~1.2.1',
110 silly install resolved        'node-gyp': '~1.0.2',
110 silly install resolved        pangyp: '~2.0.1',
110 silly install resolved        tap: '~0.5.0',
110 silly install resolved        xtend: '~4.0.0' },
110 silly install resolved     license: 'MIT',
110 silly install resolved     gitHead: 'ab0e5eed8d4aa36111bf8f44cf75644ece327e98',
110 silly install resolved     bugs: { url: 'https://github.com/rvagg/nan/issues' },
110 silly install resolved     homepage: 'https://github.com/rvagg/nan',
110 silly install resolved     _id: 'nan@1.6.2',
110 silly install resolved     _shasum: '2657d1c43b00f1e847e083832285b7d8f5ba8ec8',
110 silly install resolved     _from: 'nan@>=1.6.2 <1.7.0',
110 silly install resolved     _npmVersion: '2.0.0',
110 silly install resolved     _npmUser: { name: 'kkoopa', email: 'bbyholm@abo.fi' },
110 silly install resolved     maintainers: [ [Object], [Object] ],
110 silly install resolved     dist:
110 silly install resolved      { shasum: '2657d1c43b00f1e847e083832285b7d8f5ba8ec8',
110 silly install resolved        tarball: 'http://registry.npmjs.org/nan/-/nan-1.6.2.tgz' },
110 silly install resolved     directories: {},
110 silly install resolved     _resolved: 'https://registry.npmjs.org/nan/-/nan-1.6.2.tgz',
110 silly install resolved     readme: 'ERROR: No README data found!' } ]
111 info install nan@1.6.2 into C:\Users\Sandro\src\luigi\node_modules\bignum
112 info installOne nan@1.6.2
113 verbose installOne of nan to C:\Users\Sandro\src\luigi\node_modules\bignum not in flight; installing
114 verbose lock using C:\Users\Sandro\AppData\Roaming\npm-cache\_locks\nan-1f49ba8681ac7408.lock for C:\Users\Sandro\src\luigi\node_modules\bignum\node_modules\nan
115 silly install write writing nan 1.6.2 to C:\Users\Sandro\src\luigi\node_modules\bignum\node_modules\nan
116 silly cache addNamed cb nan@1.6.2
117 verbose unbuild node_modules\bignum\node_modules\nan
118 verbose gentlyRm vacuuming C:\Users\Sandro\src\luigi\node_modules\bignum\node_modules\nan
119 verbose tar unpack C:\Users\Sandro\AppData\Roaming\npm-cache\nan\1.6.2\package.tgz
120 verbose tar unpacking to C:\Users\Sandro\src\luigi\node_modules\bignum\node_modules\nan
121 verbose gentlyRm vacuuming C:\Users\Sandro\src\luigi\node_modules\bignum\node_modules\nan
122 silly gunzTarPerm modes [ '777', '666' ]
123 silly gunzTarPerm extractEntry package.json
124 silly gunzTarPerm modified mode [ 'package.json', 436, 438 ]
125 silly gunzTarPerm extractEntry include_dirs.js
126 silly gunzTarPerm modified mode [ 'include_dirs.js', 436, 438 ]
127 silly gunzTarPerm extractEntry LICENSE.md
128 silly gunzTarPerm modified mode [ 'LICENSE.md', 436, 438 ]
129 silly gunzTarPerm extractEntry .dntrc
130 silly gunzTarPerm modified mode [ '.dntrc', 436, 438 ]
131 silly gunzTarPerm extractEntry appveyor.yml
132 silly gunzTarPerm modified mode [ 'appveyor.yml', 436, 438 ]
133 silly gunzTarPerm extractEntry nan.h
134 silly gunzTarPerm modified mode [ 'nan.h', 436, 438 ]
135 silly gunzTarPerm extractEntry nan_implementation_12_inl.h
136 silly gunzTarPerm modified mode [ 'nan_implementation_12_inl.h', 436, 438 ]
137 silly gunzTarPerm extractEntry nan_implementation_pre_12_inl.h
138 silly gunzTarPerm modified mode [ 'nan_implementation_pre_12_inl.h', 436, 438 ]
139 silly gunzTarPerm extractEntry nan_new.h
140 silly gunzTarPerm modified mode [ 'nan_new.h', 436, 438 ]
141 silly gunzTarPerm extractEntry nan_string_bytes.h
142 silly gunzTarPerm modified mode [ 'nan_string_bytes.h', 436, 438 ]
143 silly gunzTarPerm extractEntry CHANGELOG.md
144 silly gunzTarPerm modified mode [ 'CHANGELOG.md', 436, 438 ]
145 info preinstall nan@1.6.2
146 silly install resolved []
147 verbose about to build C:\Users\Sandro\src\luigi\node_modules\bignum\node_modules\nan
148 info build C:\Users\Sandro\src\luigi\node_modules\bignum\node_modules\nan
149 verbose linkStuff [ false,
149 verbose linkStuff   false,
149 verbose linkStuff   false,
149 verbose linkStuff   'C:\\Users\\Sandro\\src\\luigi\\node_modules\\bignum\\node_modules' ]
150 info linkStuff nan@1.6.2
151 verbose linkBins nan@1.6.2
152 verbose linkMans nan@1.6.2
153 verbose rebuildBundles nan@1.6.2
154 info install nan@1.6.2
155 info postinstall nan@1.6.2
156 verbose unlock done using C:\Users\Sandro\AppData\Roaming\npm-cache\_locks\nan-1f49ba8681ac7408.lock for C:\Users\Sandro\src\luigi\node_modules\bignum\node_modules\nan
157 verbose about to build C:\Users\Sandro\src\luigi\node_modules\bignum
158 info build C:\Users\Sandro\src\luigi\node_modules\bignum
159 verbose linkStuff [ false,
159 verbose linkStuff   false,
159 verbose linkStuff   false,
159 verbose linkStuff   'C:\\Users\\Sandro\\src\\luigi\\node_modules' ]
160 info linkStuff bignum@0.9.2
161 verbose linkBins bignum@0.9.2
162 verbose linkMans bignum@0.9.2
163 verbose rebuildBundles bignum@0.9.2
164 verbose rebuildBundles [ 'nan' ]
165 info install bignum@0.9.2
166 verbose unsafe-perm in lifecycle true
167 info bignum@0.9.2 Failed to exec install script
168 verbose unlock done using C:\Users\Sandro\AppData\Roaming\npm-cache\_locks\bignum-4d133cd107836159.lock for C:\Users\Sandro\src\luigi\node_modules\bignum
169 verbose stack Error: bignum@0.9.2 install: `node-gyp configure build`
169 verbose stack Exit status 1
169 verbose stack     at EventEmitter.<anonymous> (C:\Program Files\iojs\node_modules\npm\lib\utils\lifecycle.js:213:16)
169 verbose stack     at emitTwo (events.js:87:13)
169 verbose stack     at EventEmitter.emit (events.js:169:7)
169 verbose stack     at ChildProcess.<anonymous> (C:\Program Files\iojs\node_modules\npm\lib\utils\spawn.js:14:12)
169 verbose stack     at emitTwo (events.js:87:13)
169 verbose stack     at ChildProcess.emit (events.js:169:7)
169 verbose stack     at maybeClose (child_process.js:984:16)
169 verbose stack     at Process.ChildProcess._handle.onexit (child_process.js:1057:5)
170 verbose pkgid bignum@0.9.2
171 verbose cwd C:\Users\Sandro\src\luigi
172 error Windows_NT 6.3.9600
173 error argv "C:\\Program Files\\iojs\\\\node.exe" "C:\\Program Files\\iojs\\node_modules\\npm\\bin\\npm-cli.js" "i" "bignum"
174 error node v1.3.0
175 error npm  v2.5.1
176 error code ELIFECYCLE
177 error bignum@0.9.2 install: `node-gyp configure build`
177 error Exit status 1
178 error Failed at the bignum@0.9.2 install script 'node-gyp configure build'.
178 error This is most likely a problem with the bignum package,
178 error not with npm itself.
178 error Tell the author that this fails on your system:
178 error     node-gyp configure build
178 error You can get their info via:
178 error     npm owner ls bignum
178 error There is likely additional logging output above.
179 verbose exit [ 1, true ]
180 verbose unbuild node_modules\bignum
181 info preuninstall bignum@0.9.2
182 info uninstall bignum@0.9.2
183 verbose unbuild rmStuff bignum@0.9.2 from C:\Users\Sandro\src\luigi\node_modules
184 info postuninstall bignum@0.9.2
185 verbose gentlyRm vacuuming C:\Users\Sandro\src\luigi\node_modules\bignum
186 silly gentlyRm purging C:\Users\Sandro\src\luigi\node_modules\bignum
187 silly gentlyRm quitting because other entries in C:\Users\Sandro\src\luigi\node_modules
